[2025-11-18T19:51:34.572+0000] {manager.py:483} INFO - Processing files using up to 1 processes at a time 
[2025-11-18T19:51:34.573+0000] {manager.py:484} INFO - Process each file at most once every 30 seconds
[2025-11-18T19:51:34.573+0000] {manager.py:485} INFO - Checking for new files in /opt/airflow/dags every 300 seconds
[2025-11-18T19:51:34.573+0000] {manager.py:821} INFO - Searching for files in /opt/airflow/dags
[2025-11-18T19:51:34.574+0000] {manager.py:824} INFO - There are 0 files in /opt/airflow/dags
[2025-11-18T19:52:03.131+0000] {manager.py:483} INFO - Processing files using up to 1 processes at a time 
[2025-11-18T19:52:03.132+0000] {manager.py:484} INFO - Process each file at most once every 30 seconds
[2025-11-18T19:52:03.132+0000] {manager.py:485} INFO - Checking for new files in /opt/airflow/dags every 300 seconds
[2025-11-18T19:52:03.132+0000] {manager.py:821} INFO - Searching for files in /opt/airflow/dags
[2025-11-18T19:52:03.133+0000] {manager.py:824} INFO - There are 0 files in /opt/airflow/dags
[2025-11-18T19:55:21.760+0000] {manager.py:483} INFO - Processing files using up to 1 processes at a time 
[2025-11-18T19:55:21.760+0000] {manager.py:484} INFO - Process each file at most once every 30 seconds
[2025-11-18T19:55:21.761+0000] {manager.py:485} INFO - Checking for new files in /opt/airflow/dags every 300 seconds
[2025-11-18T19:55:21.761+0000] {manager.py:821} INFO - Searching for files in /opt/airflow/dags
[2025-11-18T19:55:21.761+0000] {manager.py:824} INFO - There are 0 files in /opt/airflow/dags
[2025-11-18T20:00:21.763+0000] {manager.py:821} INFO - Searching for files in /opt/airflow/dags
[2025-11-18T20:00:21.768+0000] {manager.py:824} INFO - There are 0 files in /opt/airflow/dags
[2025-11-18T20:05:21.817+0000] {manager.py:821} INFO - Searching for files in /opt/airflow/dags
[2025-11-18T20:05:21.823+0000] {manager.py:824} INFO - There are 0 files in /opt/airflow/dags
[2025-11-20T21:47:37.993+0000] {manager.py:483} INFO - Processing files using up to 1 processes at a time 
[2025-11-20T21:47:37.993+0000] {manager.py:484} INFO - Process each file at most once every 30 seconds
[2025-11-20T21:47:37.994+0000] {manager.py:485} INFO - Checking for new files in /opt/airflow/dags every 300 seconds
[2025-11-20T21:47:37.994+0000] {manager.py:821} INFO - Searching for files in /opt/airflow/dags
[2025-11-20T21:47:37.995+0000] {manager.py:824} INFO - There are 1 files in /opt/airflow/dags
[2025-11-20T21:47:38.120+0000] {manager.py:997} INFO - 
================================================================================
DAG File Processing Stats

File Path                                         PID    Runtime      # DAGs    # Errors  Last Runtime    Last Run               Last # of DB Queries
------------------------------------------------  -----  ---------  --------  ----------  --------------  -------------------  ----------------------
/opt/airflow/dags/incremental_aggregation_dag.py                           0           1  0.11s           2025-11-20T21:47:38                       3
================================================================================
[2025-11-20T21:48:08.449+0000] {manager.py:997} INFO - 
================================================================================
DAG File Processing Stats

File Path                                         PID    Runtime      # DAGs    # Errors  Last Runtime    Last Run               Last # of DB Queries
------------------------------------------------  -----  ---------  --------  ----------  --------------  -------------------  ----------------------
/opt/airflow/dags/incremental_aggregation_dag.py                           0           1  0.12s           2025-11-20T21:48:08                       5
================================================================================
[2025-11-20T21:48:38.884+0000] {manager.py:997} INFO - 
================================================================================
DAG File Processing Stats

File Path                                         PID    Runtime      # DAGs    # Errors  Last Runtime    Last Run               Last # of DB Queries
------------------------------------------------  -----  ---------  --------  ----------  --------------  -------------------  ----------------------
/opt/airflow/dags/incremental_aggregation_dag.py                           0           1  0.13s           2025-11-20T21:48:38                       5
================================================================================
[2025-11-20T21:49:09.253+0000] {manager.py:997} INFO - 
================================================================================
DAG File Processing Stats

File Path                                         PID    Runtime      # DAGs    # Errors  Last Runtime    Last Run               Last # of DB Queries
------------------------------------------------  -----  ---------  --------  ----------  --------------  -------------------  ----------------------
/opt/airflow/dags/incremental_aggregation_dag.py                           0           1  0.12s           2025-11-20T21:49:09                       5
================================================================================
[2025-11-20T21:49:39.651+0000] {manager.py:997} INFO - 
================================================================================
DAG File Processing Stats

File Path                                         PID    Runtime      # DAGs    # Errors  Last Runtime    Last Run               Last # of DB Queries
------------------------------------------------  -----  ---------  --------  ----------  --------------  -------------------  ----------------------
/opt/airflow/dags/incremental_aggregation_dag.py                           0           1  0.12s           2025-11-20T21:49:39                       5
================================================================================
