[2025-11-20T22:06:08.982+0000] {local_task_job_runner.py:123} INFO - ::group::Pre task execution logs
[2025-11-20T22:06:08.986+0000] {taskinstance.py:2612} INFO - Dependencies all met for dep_context=non-requeueable deps ti=<TaskInstance: incremental_aggregation.run_incremental_spark manual__2025-11-20T22:05:28+00:00 [queued]>
[2025-11-20T22:06:08.988+0000] {taskinstance.py:2612} INFO - Dependencies all met for dep_context=requeueable deps ti=<TaskInstance: incremental_aggregation.run_incremental_spark manual__2025-11-20T22:05:28+00:00 [queued]>
[2025-11-20T22:06:08.988+0000] {taskinstance.py:2865} INFO - Starting attempt 1 of 1
[2025-11-20T22:06:08.993+0000] {taskinstance.py:2888} INFO - Executing <Task(BashOperator): run_incremental_spark> on 2025-11-20 22:05:28+00:00
[2025-11-20T22:06:08.995+0000] {standard_task_runner.py:72} INFO - Started process 101 to run task
[2025-11-20T22:06:08.997+0000] {standard_task_runner.py:104} INFO - Running: ['airflow', 'tasks', 'run', 'incremental_aggregation', 'run_incremental_spark', 'manual__2025-11-20T22:05:28+00:00', '--job-id', '2', '--raw', '--subdir', 'DAGS_FOLDER/incremental_aggregation_dag.py', '--cfg-path', '/tmp/tmpr7eh41dv']
[2025-11-20T22:06:08.999+0000] {standard_task_runner.py:105} INFO - Job 2: Subtask run_incremental_spark
[2025-11-20T22:06:09.020+0000] {task_command.py:467} INFO - Running <TaskInstance: incremental_aggregation.run_incremental_spark manual__2025-11-20T22:05:28+00:00 [running]> on host 53789362447e
[2025-11-20T22:06:09.045+0000] {taskinstance.py:3131} INFO - Exporting env vars: AIRFLOW_CTX_DAG_OWNER='airflow' AIRFLOW_CTX_DAG_ID='incremental_aggregation' AIRFLOW_CTX_TASK_ID='run_incremental_spark' AIRFLOW_CTX_EXECUTION_DATE='2025-11-20T22:05:28+00:00' AIRFLOW_CTX_TRY_NUMBER='1' AIRFLOW_CTX_DAG_RUN_ID='manual__2025-11-20T22:05:28+00:00'
[2025-11-20T22:06:09.046+0000] {taskinstance.py:731} INFO - ::endgroup::
[2025-11-20T22:06:09.065+0000] {subprocess.py:78} INFO - Tmp dir root location: /tmp
[2025-11-20T22:06:09.066+0000] {subprocess.py:80} INFO - Running command: ['/usr/bin/bash', '-c', 'echo "DAG ran at $(date)" >> /opt/mnt/data/sanity_check.txt']
[2025-11-20T22:06:09.066+0000] {subprocess.py:92} INFO - Output:
[2025-11-20T22:06:09.069+0000] {subprocess.py:103} INFO - Command exited with return code 0
[2025-11-20T22:06:09.074+0000] {taskinstance.py:340} INFO - ::group::Post task execution logs
[2025-11-20T22:06:09.074+0000] {taskinstance.py:352} INFO - Marking task as SUCCESS. dag_id=incremental_aggregation, task_id=run_incremental_spark, run_id=manual__2025-11-20T22:05:28+00:00, execution_date=20251120T220528, start_date=20251120T220608, end_date=20251120T220609
[2025-11-20T22:06:09.090+0000] {local_task_job_runner.py:266} INFO - Task exited with return code 0
[2025-11-20T22:06:09.095+0000] {taskinstance.py:3900} INFO - 0 downstream tasks scheduled from follow-on schedule check
[2025-11-20T22:06:09.096+0000] {local_task_job_runner.py:245} INFO - ::endgroup::
