[2025-11-20T22:34:46.789+0000] {processor.py:186} INFO - Started process (PID=34) to work on /opt/airflow/dags/incremental_aggregation_dag.py
[2025-11-20T22:34:46.789+0000] {processor.py:914} INFO - Processing file /opt/airflow/dags/incremental_aggregation_dag.py for tasks to queue
[2025-11-20T22:34:46.791+0000] {logging_mixin.py:190} INFO - [2025-11-20T22:34:46.791+0000] {dagbag.py:588} INFO - Filling up the DagBag from /opt/airflow/dags/incremental_aggregation_dag.py
[2025-11-20T22:34:46.803+0000] {processor.py:925} INFO - DAG(s) 'incremental_aggregation' retrieved from /opt/airflow/dags/incremental_aggregation_dag.py
[2025-11-20T22:34:46.860+0000] {logging_mixin.py:190} INFO - [2025-11-20T22:34:46.860+0000] {override.py:1900} INFO - Created Permission View: can delete on DAG:incremental_aggregation
[2025-11-20T22:34:46.864+0000] {logging_mixin.py:190} INFO - [2025-11-20T22:34:46.864+0000] {override.py:1900} INFO - Created Permission View: can edit on DAG:incremental_aggregation
[2025-11-20T22:34:46.867+0000] {logging_mixin.py:190} INFO - [2025-11-20T22:34:46.867+0000] {override.py:1900} INFO - Created Permission View: can read on DAG:incremental_aggregation
[2025-11-20T22:34:46.871+0000] {logging_mixin.py:190} INFO - [2025-11-20T22:34:46.871+0000] {override.py:1900} INFO - Created Permission View: can delete on DAG Run:incremental_aggregation
[2025-11-20T22:34:46.874+0000] {logging_mixin.py:190} INFO - [2025-11-20T22:34:46.874+0000] {override.py:1900} INFO - Created Permission View: can create on DAG Run:incremental_aggregation
[2025-11-20T22:34:46.876+0000] {logging_mixin.py:190} INFO - [2025-11-20T22:34:46.876+0000] {override.py:1900} INFO - Created Permission View: menu access on DAG Run:incremental_aggregation
[2025-11-20T22:34:46.879+0000] {logging_mixin.py:190} INFO - [2025-11-20T22:34:46.879+0000] {override.py:1900} INFO - Created Permission View: can read on DAG Run:incremental_aggregation
[2025-11-20T22:34:46.879+0000] {logging_mixin.py:190} INFO - [2025-11-20T22:34:46.879+0000] {dag.py:3239} INFO - Sync 1 DAGs
[2025-11-20T22:34:46.883+0000] {logging_mixin.py:190} INFO - [2025-11-20T22:34:46.883+0000] {dag.py:3262} INFO - Creating ORM DAG for incremental_aggregation
[2025-11-20T22:34:46.888+0000] {logging_mixin.py:190} INFO - [2025-11-20T22:34:46.888+0000] {dag.py:4180} INFO - Setting next_dagrun for incremental_aggregation to 2025-11-20 22:33:00+00:00, run_after=2025-11-20 22:34:00+00:00
[2025-11-20T22:34:46.895+0000] {processor.py:208} INFO - Processing /opt/airflow/dags/incremental_aggregation_dag.py took 0.109 seconds
[2025-11-20T22:35:18.044+0000] {processor.py:186} INFO - Started process (PID=57) to work on /opt/airflow/dags/incremental_aggregation_dag.py
[2025-11-20T22:35:18.046+0000] {processor.py:914} INFO - Processing file /opt/airflow/dags/incremental_aggregation_dag.py for tasks to queue
[2025-11-20T22:35:18.050+0000] {logging_mixin.py:190} INFO - [2025-11-20T22:35:18.049+0000] {dagbag.py:588} INFO - Filling up the DagBag from /opt/airflow/dags/incremental_aggregation_dag.py
[2025-11-20T22:35:18.071+0000] {processor.py:925} INFO - DAG(s) 'incremental_aggregation' retrieved from /opt/airflow/dags/incremental_aggregation_dag.py
[2025-11-20T22:35:18.090+0000] {logging_mixin.py:190} INFO - [2025-11-20T22:35:18.090+0000] {dag.py:3239} INFO - Sync 1 DAGs
[2025-11-20T22:35:18.100+0000] {logging_mixin.py:190} INFO - [2025-11-20T22:35:18.100+0000] {dag.py:4180} INFO - Setting next_dagrun for incremental_aggregation to 2025-11-20 22:34:00+00:00, run_after=2025-11-20 22:35:00+00:00
[2025-11-20T22:35:18.109+0000] {processor.py:208} INFO - Processing /opt/airflow/dags/incremental_aggregation_dag.py took 0.074 seconds
